<?xml version="1.0" encoding="UTF-8"?>
<testsuite xmlns:xsi="http://www.w3.org/2001/XMLSchema-instance" xsi:schemaLocation="https://maven.apache.org/surefire/maven-surefire-plugin/xsd/surefire-test-report.xsd" name="TestSuite" time="7.855" tests="1" errors="0" skipped="0" failures="1">
  <properties>
[...]
</properties>
  <testcase name="feature" classname="runner.Runner" time="6.232">
    <failure message="java.lang.AssertionError: expected [400] but found [200]" type="cucumber.runtime.CucumberException">cucumber.runtime.CucumberException: java.lang.AssertionError: expected [400] but found [200]
Caused by: java.lang.AssertionError: expected [400] but found [200]
</failure>
    <system-out><![CDATA[[TestNGContentHandler] [WARN] It is strongly recommended to add "<!DOCTYPE suite SYSTEM "http://testng.org/testng-1.0.dtd" >" at the top of your file, otherwise TestNG may fail or not work as expected.
@test
Feature: Book Store
{
    "type": "https://tools.ietf.org/html/rfc7231#section-6.5.1",
    "title": "One or more validation errors occurred.",
    "status": 400,
    "traceId": "00-b214d02f1245534db366c74192521554-ee303c1278e66d4d-00",
    "errors": {
        "$": [
            "The JSON value could not be converted to FakeRestAPI.Models.Book. Path: $ | LineNumber: 0 | BytePositionInLine: 1."
        ]
    }
}

  @functionalTest
  Scenario: book added with valid details      # Book_Post.feature:5
    Given I want to add details of book        # FunctionalSteps.i_want_to_add_details_of_book()
    When I send data of book with valid fields # FunctionalSteps.i_send_data_of_book_with_valid_fields()
    Then book should be created                # FunctionalSteps.book_should_be_created()
      java.lang.AssertionError: expected [400] but found [200]
      	at org.testng.Assert.fail(Assert.java:96)
      	at org.testng.Assert.failNotEquals(Assert.java:776)
      	at org.testng.Assert.assertEqualsImpl(Assert.java:137)
      	at org.testng.Assert.assertEquals(Assert.java:118)
      	at org.testng.Assert.assertEquals(Assert.java:652)
      	at org.testng.Assert.assertEquals(Assert.java:662)
      	at steps.FunctionalSteps.book_should_be_created(FunctionalSteps.java:53)
      	at ?.Then book should be created(Book_Post.feature:8)

{
    "type": "https://tools.ietf.org/html/rfc7231#section-6.5.1",
    "title": "One or more validation errors occurred.",
    "status": 400,
    "traceId": "00-a7dbb885c07ebb4fb5f21c0c272748ee-9459e6eede38ea4e-00",
    "errors": {
        "$": [
            "The JSON value could not be converted to FakeRestAPI.Models.Book. Path: $ | LineNumber: 0 | BytePositionInLine: 1."
        ]
    }
}

  Scenario: book added with invalid title             # Book_Post.feature:10
    Given I want to add details of book               # FunctionalSteps.i_want_to_add_details_of_book()
    When I send data of book with invalid title       # FunctionalSteps.i_send_data_of_book_with_invalid_title()
    Then book should not be created and errors thrown # FunctionalSteps.book_should_not_be_created_and_errors_thrown()
{
    "type": "https://tools.ietf.org/html/rfc7231#section-6.5.1",
    "title": "One or more validation errors occurred.",
    "status": 400,
    "traceId": "00-343613fb000e724b9ca6ab8412e2d7df-246033e6dfa9a049-00",
    "errors": {
        "$": [
            "The JSON value could not be converted to FakeRestAPI.Models.Book. Path: $ | LineNumber: 0 | BytePositionInLine: 1."
        ]
    }
}

  Scenario: book added with invalid description       # Book_Post.feature:15
    Given I want to add details of book               # FunctionalSteps.i_want_to_add_details_of_book()
    When I send data of book with invalid description # FunctionalSteps.i_send_data_of_book_with_invalid_description()
    Then book should not be created and errors thrown # FunctionalSteps.book_should_not_be_created_and_errors_thrown()
{
    "type": "https://tools.ietf.org/html/rfc7231#section-6.5.1",
    "title": "One or more validation errors occurred.",
    "status": 400,
    "traceId": "00-418e874b7f072044826cd4e52368cf0f-4455db74cc342745-00",
    "errors": {
        "$": [
            "The JSON value could not be converted to FakeRestAPI.Models.Book. Path: $ | LineNumber: 0 | BytePositionInLine: 1."
        ]
    }
}

  Scenario: book added with invalid excerpt           # Book_Post.feature:20
    Given I want to add details of book               # FunctionalSteps.i_want_to_add_details_of_book()
    When I send data of book with invalid excerpt     # FunctionalSteps.i_send_data_of_book_with_invalid_excerpt()
    Then book should not be created and errors thrown # FunctionalSteps.book_should_not_be_created_and_errors_thrown()
{
    "type": "https://tools.ietf.org/html/rfc7231#section-6.5.1",
    "title": "One or more validation errors occurred.",
    "status": 400,
    "traceId": "00-5fa0506048babe43b7dd4e6f71c1729d-d2e0f12b23b88046-00",
    "errors": {
        "$": [
            "The JSON value could not be converted to FakeRestAPI.Models.Book. Path: $ | LineNumber: 0 | BytePositionInLine: 1."
        ]
    }
}

  Scenario: book added with invalid publishdate       # Book_Post.feature:25
    Given I want to add details of book               # FunctionalSteps.i_want_to_add_details_of_book()
    When I send data of book with invalid publishdate # FunctionalSteps.i_send_data_of_book_with_invalid_publishdate()
    Then book should not be created and errors thrown # FunctionalSteps.book_should_not_be_created_and_errors_thrown()
]]></system-out>
  </testcase>
</testsuite>