-------------------------------------------------------------------------------
Test set: TestSuite
-------------------------------------------------------------------------------
Tests run: 1, Failures: 1, Errors: 0, Skipped: 0, Time elapsed: 7.855 sec <<< FAILURE! - in TestSuite
feature(runner.Runner)  Time elapsed: 6.232 sec  <<< FAILURE!
cucumber.runtime.CucumberException: java.lang.AssertionError: expected [400] but found [200]
Caused by: java.lang.AssertionError: expected [400] but found [200]

