<?xml version="1.0" encoding="UTF-8"?>
<testng-results skipped="0" failed="0" ignored="0" total="1" passed="1">
  <reporter-output>
  </reporter-output>
  <suite name="API Framework" duration-ms="9312" started-at="2021-04-05T09:39:50Z" finished-at="2021-04-05T09:39:59Z">
    <groups>
      <group name="cucumber">
        <method signature="AbstractTestNGCucumberTests.feature(cucumber.api.testng.CucumberFeatureWrapper)[pri:0, instance:runner.Runner@7c417213]" name="feature" class="cucumber.api.testng.AbstractTestNGCucumberTests"/>
      </group> <!-- cucumber -->
    </groups>
    <test name="api test" duration-ms="9312" started-at="2021-04-05T09:39:50Z" finished-at="2021-04-05T09:39:59Z">
      <class name="runner.Runner">
        <test-method status="PASS" signature="setUpClass()[pri:0, instance:runner.Runner@7c417213]" name="setUpClass" is-config="true" duration-ms="386" started-at="2021-04-05T09:39:50Z" finished-at="2021-04-05T09:39:50Z">
          <reporter-output>
          </reporter-output>
        </test-method> <!-- setUpClass -->
        <test-method status="PASS" signature="feature(cucumber.api.testng.CucumberFeatureWrapper)[pri:0, instance:runner.Runner@7c417213]" name="feature" duration-ms="8770" started-at="2021-04-05T09:39:50Z" description="Runs Cucumber Feature" data-provider="features" finished-at="2021-04-05T09:39:59Z">
          <params>
            <param index="0">
              <value>
                <![CDATA[Pet Store]]>
              </value>
            </param>
          </params>
          <reporter-output>
          </reporter-output>
        </test-method> <!-- feature -->
        <test-method status="PASS" signature="tearDownClass()[pri:0, instance:runner.Runner@7c417213]" name="tearDownClass" is-config="true" duration-ms="9" started-at="2021-04-05T09:39:59Z" finished-at="2021-04-05T09:39:59Z">
          <reporter-output>
          </reporter-output>
        </test-method> <!-- tearDownClass -->
      </class> <!-- runner.Runner -->
    </test> <!-- api test -->
  </suite> <!-- API Framework -->
</testng-results>
